This is pdfTeX, Version 3.1415926-2.5-1.40.14 (MiKTeX 2.9 64-bit) (preloaded format=pdflatex 2014.3.2)  17 NOV 2015 13:34
entering extended mode
**main.tex

("D:\Eigene Dokumente\Uni\TU\Auslandssemester\Network Information Technology Se
curity\project\report\mondaysecpaper\moritz\main.tex"
LaTeX2e <2011/06/27>
Babel <v3.8m> and hyphenation patterns for english, afrikaans, ancientgreek, ar
abic, armenian, assamese, basque, bengali, bokmal, bulgarian, catalan, coptic, 
croatian, czech, danish, dutch, esperanto, estonian, farsi, finnish, french, ga
lician, german, german-x-2013-05-26, greek, gujarati, hindi, hungarian, iceland
ic, indonesian, interlingua, irish, italian, kannada, kurmanji, latin, latvian,
 lithuanian, malayalam, marathi, mongolian, mongolianlmc, monogreek, ngerman, n
german-x-2013-05-26, nynorsk, oriya, panjabi, pinyin, polish, portuguese, roman
ian, russian, sanskrit, serbian, slovak, slovenian, spanish, swedish, swissgerm
an, tamil, telugu, turkish, turkmen, ukenglish, ukrainian, uppersorbian, usengl
ishmax, welsh, loaded.

("D:\Eigene Dokumente\Uni\TU\Auslandssemester\Network Information Technology Se
curity\project\report\mondaysecpaper\moritz\IEEEtran.cls"
Document Class: IEEEtran 2012/11/21 V1.8c by Harald Hanche-Olsen and Anders Chr
istensen
-- Based on V1.7a by Michael Shell
-- See the "IEEEtran_HOWTO" manual for usage information.
-- http://www.michaelshell.org/tex/ieeetran/
\@IEEEtrantmpdimenA=\dimen102
\@IEEEtrantmpdimenB=\dimen103
\@IEEEtrantmpcountA=\count79
\@IEEEtrantmpcountB=\count80
\@IEEEtrantmptoksA=\toks14
LaTeX Font Info:    Try loading font information for OT1+ptm on input line 373.

(D:\Programme\Latex\Miktex\tex\latex\psnfss\ot1ptm.fd
File: ot1ptm.fd 2001/06/04 font definitions for OT1/ptm.
)
-- Using 8.5in x 11in (letter) paper.
-- Using PDF output.
\@IEEEnormalsizeunitybaselineskip=\dimen104
-- This is a 10 point document.
\CLASSINFOnormalsizebaselineskip=\dimen105
\CLASSINFOnormalsizeunitybaselineskip=\dimen106
\IEEEnormaljot=\dimen107
LaTeX Font Info:    Font shape `OT1/ptm/bx/n' in size <5> not available
(Font)              Font shape `OT1/ptm/b/n' tried instead on input line 731.
LaTeX Font Info:    Font shape `OT1/ptm/bx/it' in size <5> not available
(Font)              Font shape `OT1/ptm/b/it' tried instead on input line 731.
LaTeX Font Info:    Font shape `OT1/ptm/bx/n' in size <7> not available
(Font)              Font shape `OT1/ptm/b/n' tried instead on input line 731.
LaTeX Font Info:    Font shape `OT1/ptm/bx/it' in size <7> not available
(Font)              Font shape `OT1/ptm/b/it' tried instead on input line 731.
LaTeX Font Info:    Font shape `OT1/ptm/bx/n' in size <8> not available
(Font)              Font shape `OT1/ptm/b/n' tried instead on input line 731.
LaTeX Font Info:    Font shape `OT1/ptm/bx/it' in size <8> not available
(Font)              Font shape `OT1/ptm/b/it' tried instead on input line 731.
LaTeX Font Info:    Font shape `OT1/ptm/bx/n' in size <9> not available
(Font)              Font shape `OT1/ptm/b/n' tried instead on input line 731.
LaTeX Font Info:    Font shape `OT1/ptm/bx/it' in size <9> not available
(Font)              Font shape `OT1/ptm/b/it' tried instead on input line 731.
LaTeX Font Info:    Font shape `OT1/ptm/bx/n' in size <10> not available
(Font)              Font shape `OT1/ptm/b/n' tried instead on input line 731.
LaTeX Font Info:    Font shape `OT1/ptm/bx/it' in size <10> not available
(Font)              Font shape `OT1/ptm/b/it' tried instead on input line 731.
LaTeX Font Info:    Font shape `OT1/ptm/bx/n' in size <11> not available
(Font)              Font shape `OT1/ptm/b/n' tried instead on input line 731.
LaTeX Font Info:    Font shape `OT1/ptm/bx/it' in size <11> not available
(Font)              Font shape `OT1/ptm/b/it' tried instead on input line 731.
LaTeX Font Info:    Font shape `OT1/ptm/bx/n' in size <12> not available
(Font)              Font shape `OT1/ptm/b/n' tried instead on input line 731.
LaTeX Font Info:    Font shape `OT1/ptm/bx/it' in size <12> not available
(Font)              Font shape `OT1/ptm/b/it' tried instead on input line 731.
LaTeX Font Info:    Font shape `OT1/ptm/bx/n' in size <17> not available
(Font)              Font shape `OT1/ptm/b/n' tried instead on input line 731.
LaTeX Font Info:    Font shape `OT1/ptm/bx/it' in size <17> not available
(Font)              Font shape `OT1/ptm/b/it' tried instead on input line 731.
LaTeX Font Info:    Font shape `OT1/ptm/bx/n' in size <20> not available
(Font)              Font shape `OT1/ptm/b/n' tried instead on input line 731.
LaTeX Font Info:    Font shape `OT1/ptm/bx/it' in size <20> not available
(Font)              Font shape `OT1/ptm/b/it' tried instead on input line 731.
LaTeX Font Info:    Font shape `OT1/ptm/bx/n' in size <24> not available
(Font)              Font shape `OT1/ptm/b/n' tried instead on input line 731.
LaTeX Font Info:    Font shape `OT1/ptm/bx/it' in size <24> not available
(Font)              Font shape `OT1/ptm/b/it' tried instead on input line 731.
\IEEEilabelindentA=\dimen108
\IEEEilabelindentB=\dimen109
\IEEEilabelindent=\dimen110
\IEEEelabelindent=\dimen111
\IEEEdlabelindent=\dimen112
\IEEElabelindent=\dimen113
\IEEEiednormlabelsep=\dimen114
\IEEEiedmathlabelsep=\dimen115
\IEEEiedtopsep=\skip41
\c@section=\count81
\c@subsection=\count82
\c@subsubsection=\count83
\c@paragraph=\count84
\c@IEEEsubequation=\count85
\abovecaptionskip=\skip42
\belowcaptionskip=\skip43
\c@figure=\count86
\c@table=\count87
\@IEEEeqnnumcols=\count88
\@IEEEeqncolcnt=\count89
\@IEEEtmpitemindent=\dimen116
\c@IEEEbiography=\count90
\@IEEEtranrubishbin=\box26
) (D:\Programme\Latex\Miktex\tex\latex\blindtext\blindtext.sty
Package: blindtext 2012/01/06 V2.0 blindtext-Package

(D:\Programme\Latex\Miktex\tex\latex\tools\xspace.sty
Package: xspace 2009/10/20 v1.13 Space after command names (DPC,MH)
)
\c@blindtext=\count91
\c@Blindtext=\count92
\c@blind@countparstart=\count93
\blind@countxx=\count94
\blindtext@numBlindtext=\count95
\blind@countyy=\count96
\c@blindlist=\count97
\c@blindlistlevel=\count98
\c@blindlist@level=\count99
\blind@listitem=\count100
\c@blind@listcount=\count101
\c@blind@levelcount=\count102
\blind@mathformula=\count103
\blind@Mathformula=\count104
\c@blind@randomcount=\count105
\c@blind@randommax=\count106
\c@blind@pangramcount=\count107
\c@blind@pangrammax=\count108
)
(D:\Programme\Latex\Miktex\tex\latex\graphics\graphicx.sty
Package: graphicx 1999/02/16 v1.0f Enhanced LaTeX Graphics (DPC,SPQR)

(D:\Programme\Latex\Miktex\tex\latex\graphics\keyval.sty
Package: keyval 1999/03/16 v1.13 key=value parser (DPC)
\KV@toks@=\toks15
)
(D:\Programme\Latex\Miktex\tex\latex\graphics\graphics.sty
Package: graphics 2009/02/05 v1.0o Standard LaTeX Graphics (DPC,SPQR)

(D:\Programme\Latex\Miktex\tex\latex\graphics\trig.sty
Package: trig 1999/03/16 v1.09 sin cos tan (DPC)
)
(D:\Programme\Latex\Miktex\tex\latex\00miktex\graphics.cfg
File: graphics.cfg 2007/01/18 v1.5 graphics configuration of teTeX/TeXLive
)
Package graphics Info: Driver file: pdftex.def on input line 91.

(D:\Programme\Latex\Miktex\tex\latex\pdftex-def\pdftex.def
File: pdftex.def 2011/05/27 v0.06d Graphics/color for pdfTeX

(D:\Programme\Latex\Miktex\tex\generic\oberdiek\infwarerr.sty
Package: infwarerr 2010/04/08 v1.3 Providing info/warning/error messages (HO)
)
(D:\Programme\Latex\Miktex\tex\generic\oberdiek\ltxcmds.sty
Package: ltxcmds 2011/11/09 v1.22 LaTeX kernel commands for general use (HO)
)
\Gread@gobject=\count109
))
\Gin@req@height=\dimen117
\Gin@req@width=\dimen118
)
(D:\Programme\Latex\Miktex\tex\latex\amsmath\amsmath.sty
Package: amsmath 2013/01/14 v2.14 AMS math features
\@mathmargin=\skip44

For additional information on amsmath, use the `?' option.
(D:\Programme\Latex\Miktex\tex\latex\amsmath\amstext.sty
Package: amstext 2000/06/29 v2.01

(D:\Programme\Latex\Miktex\tex\latex\amsmath\amsgen.sty
File: amsgen.sty 1999/11/30 v2.0
\@emptytoks=\toks16
\ex@=\dimen119
))
(D:\Programme\Latex\Miktex\tex\latex\amsmath\amsbsy.sty
Package: amsbsy 1999/11/29 v1.2d
\pmbraise@=\dimen120
)
(D:\Programme\Latex\Miktex\tex\latex\amsmath\amsopn.sty
Package: amsopn 1999/12/14 v2.01 operator names
)
\inf@bad=\count110
LaTeX Info: Redefining \frac on input line 210.
\uproot@=\count111
\leftroot@=\count112
LaTeX Info: Redefining \overline on input line 306.
\classnum@=\count113
\DOTSCASE@=\count114
LaTeX Info: Redefining \ldots on input line 378.
LaTeX Info: Redefining \dots on input line 381.
LaTeX Info: Redefining \cdots on input line 466.
\Mathstrutbox@=\box27
\strutbox@=\box28
\big@size=\dimen121
LaTeX Font Info:    Redeclaring font encoding OML on input line 566.
LaTeX Font Info:    Redeclaring font encoding OMS on input line 567.
\macc@depth=\count115
\c@MaxMatrixCols=\count116
\dotsspace@=\muskip10
\c@parentequation=\count117
\dspbrk@lvl=\count118
\tag@help=\toks17
\row@=\count119
\column@=\count120
\maxfields@=\count121
\andhelp@=\toks18
\eqnshift@=\dimen122
\alignsep@=\dimen123
\tagshift@=\dimen124
\tagwidth@=\dimen125
\totwidth@=\dimen126
\lineht@=\dimen127
\@envbody=\toks19
\multlinegap=\skip45
\multlinetaggap=\skip46
\mathdisplay@stack=\toks20
LaTeX Info: Redefining \[ on input line 2665.
LaTeX Info: Redefining \] on input line 2666.
)
(D:\Programme\Latex\Miktex\tex\latex\amsfonts\amssymb.sty
Package: amssymb 2013/01/14 v3.01 AMS font symbols

(D:\Programme\Latex\Miktex\tex\latex\amsfonts\amsfonts.sty
Package: amsfonts 2013/01/14 v3.01 Basic AMSFonts support
\symAMSa=\mathgroup4
\symAMSb=\mathgroup5
LaTeX Font Info:    Overwriting math alphabet `\mathfrak' in version `bold'
(Font)                  U/euf/m/n --> U/euf/b/n on input line 106.
))
(D:\Programme\Latex\Miktex\tex\latex\url\url.sty
\Urlmuskip=\muskip11
Package: url 2013/09/16  ver 3.4  Verb mode for urls, etc.
)
("D:\Eigene Dokumente\Uni\TU\Auslandssemester\Network Information Technology Se
curity\project\report\mondaysecpaper\moritz\main.aux")
LaTeX Font Info:    Checking defaults for OML/cmm/m/it on input line 353.
LaTeX Font Info:    ... okay on input line 353.
LaTeX Font Info:    Checking defaults for T1/cmr/m/n on input line 353.
LaTeX Font Info:    ... okay on input line 353.
LaTeX Font Info:    Checking defaults for OT1/cmr/m/n on input line 353.
LaTeX Font Info:    ... okay on input line 353.
LaTeX Font Info:    Checking defaults for OMS/cmsy/m/n on input line 353.
LaTeX Font Info:    ... okay on input line 353.
LaTeX Font Info:    Checking defaults for OMX/cmex/m/n on input line 353.
LaTeX Font Info:    ... okay on input line 353.
LaTeX Font Info:    Checking defaults for U/cmr/m/n on input line 353.
LaTeX Font Info:    ... okay on input line 353.

(D:\Programme\Latex\Miktex\tex\context\base\supp-pdf.mkii
[Loading MPS to PDF converter (version 2006.09.02).]
\scratchcounter=\count122
\scratchdimen=\dimen128
\scratchbox=\box29
\nofMPsegments=\count123
\nofMParguments=\count124
\everyMPshowfont=\toks21
\MPscratchCnt=\count125
\MPscratchDim=\dimen129
\MPnumerator=\count126
\makeMPintoPDFobject=\count127
\everyMPtoPDFconversion=\toks22
)
LaTeX Font Info:    Try loading font information for U+msa on input line 419.
 (D:\Programme\Latex\Miktex\tex\latex\amsfonts\umsa.fd
File: umsa.fd 2013/01/14 v3.01 AMS symbols A
)
LaTeX Font Info:    Try loading font information for U+msb on input line 419.

(D:\Programme\Latex\Miktex\tex\latex\amsfonts\umsb.fd
File: umsb.fd 2013/01/14 v3.01 AMS symbols B
)
LaTeX Font Info:    Font shape `OT1/ptm/bx/it' in size <6> not available
(Font)              Font shape `OT1/ptm/b/it' tried instead on input line 419.

<layers.png, id=1, 252.945pt x 326.21875pt>
File: layers.png Graphic file (type png)
 <use layers.png>
Package pdftex.def Info: layers.png used on input line 467.
(pdftex.def)             Requested size: 157.23152pt x 202.78116pt.

<blepacketformat.png, id=2, 531.9875pt x 288.07625pt>
File: blepacketformat.png Graphic file (type png)

<use blepacketformat.png>
Package pdftex.def Info: blepacketformat.png used on input line 503.
(pdftex.def)             Requested size: 262.04987pt x 141.90585pt.

Overfull \hbox (9.0pt too wide) in paragraph at lines 503--504
 [][] 
 []

[1{C:/Users/Marovelo/AppData/Local/MiKTeX/2.9/pdftex/config/pdftex.map}


 <D:/Eigene Dokumente/Uni/TU/Auslandssemester/Network Information Technology Se
curity/project/report/mondaysecpaper/moritz/layers.png>]
<keyexchange.png, id=14, 1739.49875pt x 1540.75626pt>
File: keyexchange.png Graphic file (type png)
 <use keyexchange.png>
Package pdftex.def Info: keyexchange.png used on input line 560.
(pdftex.def)             Requested size: 262.04987pt x 232.09088pt.

Overfull \hbox (9.0pt too wide) in paragraph at lines 560--561
 [][] 
 []

[2 <D:/Eigene Dokumente/Uni/TU/Auslandssemester/Network Information Technology 
Security/project/report/mondaysecpaper/moritz/blepacketformat.png> <D:/Eigene D
okumente/Uni/TU/Auslandssemester/Network Information Technology Security/projec
t/report/mondaysecpaper/moritz/keyexchange.png>]
<hopping.png, id=22, 1227.58624pt x 1111.15125pt>
File: hopping.png Graphic file (type png)
 <use hopping.png>
Package pdftex.def Info: hopping.png used on input line 648.
(pdftex.def)             Requested size: 262.04987pt x 237.19737pt.

Overfull \hbox (9.0pt too wide) in paragraph at lines 648--649
 [][] 
 []

Missing character: There is no â in font ptmr7t!
Missing character: There is no € in font ptmr7t!
Missing character: There is no ™ in font ptmr7t!
[3 <D:/Eigene Dokumente/Uni/TU/Auslandssemester/Network Information Technology 
Security/project/report/mondaysecpaper/moritz/hopping.png>]
Missing character: There is no â in font ptmr7t!
Missing character: There is no € in font ptmr7t!
Missing character: There is no “ in font ptmr7t!

("D:\Eigene Dokumente\Uni\TU\Auslandssemester\Network Information Technology Se
curity\project\report\mondaysecpaper\moritz\main.bbl"
Underfull \hbox (badness 10000) in paragraph at lines 19--23
[]\OT1/ptm/m/n/8 V. Gao, ``Ev-ery-thing You Al-ways Wanted to Know About
 []


Underfull \hbox (badness 3861) in paragraph at lines 19--23
\OT1/ptm/m/n/8 Blue-tooth - Se-cu-rity in Blue-tooth 4.2.'' $http : / / blog . 
bluetooth . com /$
 []


Overfull \hbox (39.01984pt too wide) in paragraph at lines 19--23
$\OT1/ptm/m/n/8 everything-[]you-[]always-[]wanted-[]to-[]know-[]about-[]blueto
oth-[]security-[]in-[]bluetooth-[]4-[]2/$,
 []


Underfull \hbox (badness 1939) in paragraph at lines 25--28
[]\OT1/ptm/m/n/8 L. Li, ``Us-ing nRF24L01+ as A Blue-tooth Low En-ergy Broad-
 []


Underfull \hbox (badness 6808) in paragraph at lines 25--28
\OT1/ptm/m/n/8 caster/Beacon.'' $http : / / ram . lijun . li / assets / les / 
wiki / img18[]BLE[]packet[]$
 []


Underfull \hbox (badness 1430) in paragraph at lines 30--32
[]\OT1/ptm/m/n/8 B. SIG, ``Blue-tooth 4.0 core spec-i-fi-ca-tion,'' tech. rep.,
 jun 2010.
 []

)

** Conference Paper **
Before submitting the final camera ready copy, remember to:

 1. Manually equalize the lengths of two columns on the last page
 of your paper;

 2. Ensure that any PostScript and/or PDF output post-processing
 uses only Type 1 fonts and that every step in the generation
 process uses the appropriate paper size.

[4]
("D:\Eigene Dokumente\Uni\TU\Auslandssemester\Network Information Technology Se
curity\project\report\mondaysecpaper\moritz\main.aux") ) 
Here is how much of TeX's memory you used:
 3014 strings out of 493921
 43571 string characters out of 3148076
 104983 words of memory out of 3000000
 6277 multiletter control sequences out of 15000+200000
 42623 words of font info for 92 fonts, out of 3000000 for 9000
 844 hyphenation exceptions out of 8191
 27i,15n,26p,1117b,329s stack positions out of 5000i,500n,10000p,200000b,50000s
{D:/Programme/Latex/Mik
tex/fonts/enc/dvips/fontname/8r.enc}<D:/Programme/Latex/Miktex/fonts/type1/publ
ic/amsfonts/cm/cmmi10.pfb><D:/Programme/Latex/Miktex/fonts/type1/public/amsfont
s/cm/cmmi7.pfb><D:/Programme/Latex/Miktex/fonts/type1/public/amsfonts/cm/cmr10.
pfb><D:/Programme/Latex/Miktex/fonts/type1/public/amsfonts/cm/cmr7.pfb><D:/Prog
ramme/Latex/Miktex/fonts/type1/public/amsfonts/cm/cmsy10.pfb><D:/Programme/Late
x/Miktex/fonts/type1/public/amsfonts/symbols/msbm10.pfb><D:/Programme/Latex/Mik
tex/fonts/type1/urw/times/utmb8a.pfb><D:/Programme/Latex/Miktex/fonts/type1/urw
/times/utmbi8a.pfb><D:/Programme/Latex/Miktex/fonts/type1/urw/times/utmr8a.pfb>
<D:/Programme/Latex/Miktex/fonts/type1/urw/times/utmri8a.pfb>
Output written on main.pdf (4 pages, 324757 bytes).
PDF statistics:
 64 PDF objects out of 1000 (max. 8388607)
 0 named destinations out of 1000 (max. 500000)
 21 words of extra memory for PDF output out of 10000 (max. 10000000)

